Build started 9/10/2013 11:50:20 PM.
     1>Project "C:\Users\Sanghamithra\Documents\Visual Studio 2010\Projects\Assignment3B\Assignment3B\Assignment3B.vcxproj" on node 2 (build target(s)).
     1>InitializeBuildStatus:
         Creating "Debug\Assignment3B.unsuccessfulbuild" because "AlwaysCreate" was specified.
       ClCompile:
         C:\Program Files (x86)\Microsoft Visual Studio 10.0\VC\bin\CL.exe /c /ZI /nologo /W3 /WX- /Od /Oy- /D _MBCS /Gm /EHsc /RTC1 /MDd /GS /fp:precise /Zc:wchar_t /Zc:forScope /Fo"Debug\\" /Fd"Debug\vc100.pdb" /Gd /TP /analyze- /errorReport:prompt Assignment3B.cpp
         Assignment3B.cpp
     1>c:\users\sanghamithra\documents\visual studio 2010\projects\assignment3b\assignment3b\assignment3b.cpp(10): warning C4101: 'x' : unreferenced local variable
       Link:
         C:\Program Files (x86)\Microsoft Visual Studio 10.0\VC\bin\link.exe /ERRORREPORT:PROMPT /OUT:"C:\Users\Sanghamithra\Documents\Visual Studio 2010\Projects\Assignment3B\Debug\Assignment3B.exe" /NOLOGO kernel32.lib user32.lib gdi32.lib winspool.lib comdlg32.lib advapi32.lib shell32.lib ole32.lib oleaut32.lib uuid.lib odbc32.lib odbccp32.lib /MANIFEST /ManifestFile:"Debug\Assignment3B.exe.intermediate.manifest" /MANIFESTUAC:"level='asInvoker' uiAccess='false'" /DEBUG /PDB:"C:\Users\Sanghamithra\Documents\Visual Studio 2010\Projects\Assignment3B\Debug\Assignment3B.pdb" /TLBID:1 /DYNAMICBASE /NXCOMPAT /IMPLIB:"C:\Users\Sanghamithra\Documents\Visual Studio 2010\Projects\Assignment3B\Debug\Assignment3B.lib" /MACHINE:X86 Debug\Assignment3B.obj
         LINK : C:\Users\Sanghamithra\Documents\Visual Studio 2010\Projects\Assignment3B\Debug\Assignment3B.exe not found or not built by the last incremental link; performing full link
         Assignment3B.vcxproj -> C:\Users\Sanghamithra\Documents\Visual Studio 2010\Projects\Assignment3B\Debug\Assignment3B.exe
       Manifest:
         C:\Program Files (x86)\Microsoft SDKs\Windows\v7.0A\bin\mt.exe /nologo /verbose /outputresource:"C:\Users\Sanghamithra\Documents\Visual Studio 2010\Projects\Assignment3B\Debug\Assignment3B.exe;#1" /manifest Debug\Assignment3B.exe.intermediate.manifest
       FinalizeBuildStatus:
         Deleting file "Debug\Assignment3B.unsuccessfulbuild".
         Touching "Debug\Assignment3B.lastbuildstate".
     1>Done Building Project "C:\Users\Sanghamithra\Documents\Visual Studio 2010\Projects\Assignment3B\Assignment3B\Assignment3B.vcxproj" (build target(s)).

Build succeeded.

Time Elapsed 00:00:01.85
