Build started 9/9/2013 12:16:25 AM.
     1>Project "C:\Users\Sanghamithra\Documents\Visual Studio 2010\Projects\Assignment2\Assignment2\Assignment2.vcxproj" on node 2 (build target(s)).
     1>InitializeBuildStatus:
         Creating "Debug\Assignment2.unsuccessfulbuild" because "AlwaysCreate" was specified.
       ClCompile:
         C:\Program Files (x86)\Microsoft Visual Studio 10.0\VC\bin\CL.exe /c /ZI /nologo /W3 /WX- /Od /Oy- /D _MBCS /Gm /EHsc /RTC1 /MDd /GS /fp:precise /Zc:wchar_t /Zc:forScope /Fo"Debug\\" /Fd"Debug\vc100.pdb" /Gd /TP /analyze- /errorReport:prompt Assignment2.cpp
         Assignment2.cpp
     1>c:\users\sanghamithra\documents\visual studio 2010\projects\assignment2\assignment2\assignment2.cpp(32): warning C4700: uninitialized local variable 'k' used
       Link:
         C:\Program Files (x86)\Microsoft Visual Studio 10.0\VC\bin\link.exe /ERRORREPORT:PROMPT /OUT:"C:\Users\Sanghamithra\Documents\Visual Studio 2010\Projects\Assignment2\Debug\Assignment2.exe" /NOLOGO kernel32.lib user32.lib gdi32.lib winspool.lib comdlg32.lib advapi32.lib shell32.lib ole32.lib oleaut32.lib uuid.lib odbc32.lib odbccp32.lib /MANIFEST /ManifestFile:"Debug\Assignment2.exe.intermediate.manifest" /MANIFESTUAC:"level='asInvoker' uiAccess='false'" /DEBUG /PDB:"C:\Users\Sanghamithra\Documents\Visual Studio 2010\Projects\Assignment2\Debug\Assignment2.pdb" /TLBID:1 /DYNAMICBASE /NXCOMPAT /IMPLIB:"C:\Users\Sanghamithra\Documents\Visual Studio 2010\Projects\Assignment2\Debug\Assignment2.lib" /MACHINE:X86 Debug\Assignment2.obj
         LINK : C:\Users\Sanghamithra\Documents\Visual Studio 2010\Projects\Assignment2\Debug\Assignment2.exe not found or not built by the last incremental link; performing full link
         Assignment2.vcxproj -> C:\Users\Sanghamithra\Documents\Visual Studio 2010\Projects\Assignment2\Debug\Assignment2.exe
       Manifest:
         C:\Program Files (x86)\Microsoft SDKs\Windows\v7.0A\bin\mt.exe /nologo /verbose /outputresource:"C:\Users\Sanghamithra\Documents\Visual Studio 2010\Projects\Assignment2\Debug\Assignment2.exe;#1" /manifest Debug\Assignment2.exe.intermediate.manifest
       FinalizeBuildStatus:
         Deleting file "Debug\Assignment2.unsuccessfulbuild".
         Touching "Debug\Assignment2.lastbuildstate".
     1>Done Building Project "C:\Users\Sanghamithra\Documents\Visual Studio 2010\Projects\Assignment2\Assignment2\Assignment2.vcxproj" (build target(s)).

Build succeeded.

Time Elapsed 00:00:00.85
