Build started 9/5/2012 1:58:14 PM.
     1>Project "C:\Users\Sanghamithra\Documents\Visual Studio 2010\Projects\overloadoperator\overloadoperator\overloadoperator.vcxproj" on node 2 (build target(s)).
     1>InitializeBuildStatus:
         Creating "Debug\overloadoperator.unsuccessfulbuild" because "AlwaysCreate" was specified.
       ClCompile:
         C:\Program Files (x86)\Microsoft Visual Studio 10.0\VC\bin\CL.exe /c /ZI /nologo /W3 /WX- /Od /Oy- /D _MBCS /Gm /EHsc /RTC1 /MDd /GS /fp:precise /Zc:wchar_t /Zc:forScope /Fo"Debug\\" /Fd"Debug\vc100.pdb" /Gd /TP /analyze- /errorReport:prompt source.cpp
         source.cpp
       Link:
         C:\Program Files (x86)\Microsoft Visual Studio 10.0\VC\bin\link.exe /ERRORREPORT:PROMPT /OUT:"C:\Users\Sanghamithra\Documents\Visual Studio 2010\Projects\overloadoperator\Debug\overloadoperator.exe" /NOLOGO kernel32.lib user32.lib gdi32.lib winspool.lib comdlg32.lib advapi32.lib shell32.lib ole32.lib oleaut32.lib uuid.lib odbc32.lib odbccp32.lib /MANIFEST /ManifestFile:"Debug\overloadoperator.exe.intermediate.manifest" /MANIFESTUAC:"level='asInvoker' uiAccess='false'" /DEBUG /PDB:"C:\Users\Sanghamithra\Documents\Visual Studio 2010\Projects\overloadoperator\Debug\overloadoperator.pdb" /TLBID:1 /DYNAMICBASE /NXCOMPAT /IMPLIB:"C:\Users\Sanghamithra\Documents\Visual Studio 2010\Projects\overloadoperator\Debug\overloadoperator.lib" /MACHINE:X86 Debug\driver.obj
         Debug\source.obj
         LINK : C:\Users\Sanghamithra\Documents\Visual Studio 2010\Projects\overloadoperator\Debug\overloadoperator.exe not found or not built by the last incremental link; performing full link
         overloadoperator.vcxproj -> C:\Users\Sanghamithra\Documents\Visual Studio 2010\Projects\overloadoperator\Debug\overloadoperator.exe
       Manifest:
         C:\Program Files (x86)\Microsoft SDKs\Windows\v7.0A\bin\mt.exe /nologo /verbose /outputresource:"C:\Users\Sanghamithra\Documents\Visual Studio 2010\Projects\overloadoperator\Debug\overloadoperator.exe;#1" /manifest Debug\overloadoperator.exe.intermediate.manifest
       FinalizeBuildStatus:
         Deleting file "Debug\overloadoperator.unsuccessfulbuild".
         Touching "Debug\overloadoperator.lastbuildstate".
     1>Done Building Project "C:\Users\Sanghamithra\Documents\Visual Studio 2010\Projects\overloadoperator\overloadoperator\overloadoperator.vcxproj" (build target(s)).

Build succeeded.

Time Elapsed 00:00:00.81
