Build started 10/5/2013 11:02:43 PM.
     1>Project "C:\Users\Sanghamithra\Documents\Visual Studio 2010\Projects\Time\Time\Time.vcxproj" on node 2 (build target(s)).
     1>InitializeBuildStatus:
         Touching "Debug\Time.unsuccessfulbuild".
       ClCompile:
         C:\Program Files (x86)\Microsoft Visual Studio 10.0\VC\bin\CL.exe /c /ZI /nologo /W3 /WX- /Od /Oy- /D _MBCS /Gm /EHsc /RTC1 /MDd /GS /fp:precise /Zc:wchar_t /Zc:forScope /Fo"Debug\\" /Fd"Debug\vc100.pdb" /Gd /TP /analyze- /errorReport:prompt main.cpp time.cpp time.h
         time.h
         time.cpp
         main.cpp
         Generating Code...
       Link:
         C:\Program Files (x86)\Microsoft Visual Studio 10.0\VC\bin\link.exe /ERRORREPORT:PROMPT /OUT:"C:\Users\Sanghamithra\Documents\Visual Studio 2010\Projects\Time\Debug\Time.exe" /NOLOGO kernel32.lib user32.lib gdi32.lib winspool.lib comdlg32.lib advapi32.lib shell32.lib ole32.lib oleaut32.lib uuid.lib odbc32.lib odbccp32.lib /MANIFEST /ManifestFile:"Debug\Time.exe.intermediate.manifest" /MANIFESTUAC:"level='asInvoker' uiAccess='false'" /DEBUG /PDB:"C:\Users\Sanghamithra\Documents\Visual Studio 2010\Projects\Time\Debug\Time.pdb" /TLBID:1 /DYNAMICBASE /NXCOMPAT /IMPLIB:"C:\Users\Sanghamithra\Documents\Visual Studio 2010\Projects\Time\Debug\Time.lib" /MACHINE:X86 Debug\main.obj
         Debug\time.obj
         Debug\time.obj
         LINK : C:\Users\Sanghamithra\Documents\Visual Studio 2010\Projects\Time\Debug\Time.exe not found or not built by the last incremental link; performing full link
     1>Debug\time.obj : warning LNK4042: object specified more than once; extras ignored
         Time.vcxproj -> C:\Users\Sanghamithra\Documents\Visual Studio 2010\Projects\Time\Debug\Time.exe
       Manifest:
         C:\Program Files (x86)\Microsoft SDKs\Windows\v7.0A\bin\mt.exe /nologo /verbose /outputresource:"C:\Users\Sanghamithra\Documents\Visual Studio 2010\Projects\Time\Debug\Time.exe;#1" /manifest Debug\Time.exe.intermediate.manifest
       FinalizeBuildStatus:
         Deleting file "Debug\Time.unsuccessfulbuild".
         Touching "Debug\Time.lastbuildstate".
     1>Done Building Project "C:\Users\Sanghamithra\Documents\Visual Studio 2010\Projects\Time\Time\Time.vcxproj" (build target(s)).

Build succeeded.

Time Elapsed 00:00:02.13
