Build started 10/22/2013 9:51:03 PM.
     1>Project "C:\Users\Sanghamithra\Documents\Visual Studio 2010\Projects\polymorph\polymorph\polymorph.vcxproj" on node 2 (build target(s)).
     1>InitializeBuildStatus:
         Creating "Debug\polymorph.unsuccessfulbuild" because "AlwaysCreate" was specified.
       ClCompile:
         C:\Program Files (x86)\Microsoft Visual Studio 10.0\VC\bin\CL.exe /c /ZI /nologo /W3 /WX- /Od /Oy- /D _MBCS /Gm /EHsc /RTC1 /MDd /GS /fp:precise /Zc:wchar_t /Zc:forScope /Fo"Debug\\" /Fd"Debug\vc100.pdb" /Gd /TP /analyze- /errorReport:prompt contact.cpp
         contact.cpp
       Link:
         C:\Program Files (x86)\Microsoft Visual Studio 10.0\VC\bin\link.exe /ERRORREPORT:PROMPT /OUT:"C:\Users\Sanghamithra\Documents\Visual Studio 2010\Projects\polymorph\Debug\polymorph.exe" /NOLOGO kernel32.lib user32.lib gdi32.lib winspool.lib comdlg32.lib advapi32.lib shell32.lib ole32.lib oleaut32.lib uuid.lib odbc32.lib odbccp32.lib /MANIFEST /ManifestFile:"Debug\polymorph.exe.intermediate.manifest" /MANIFESTUAC:"level='asInvoker' uiAccess='false'" /DEBUG /PDB:"C:\Users\Sanghamithra\Documents\Visual Studio 2010\Projects\polymorph\Debug\polymorph.pdb" /TLBID:1 /DYNAMICBASE /NXCOMPAT /IMPLIB:"C:\Users\Sanghamithra\Documents\Visual Studio 2010\Projects\polymorph\Debug\polymorph.lib" /MACHINE:X86 Debug\contact.obj
         Debug\enemy.obj
         Debug\friends.obj
         Debug\main.obj
         LINK : C:\Users\Sanghamithra\Documents\Visual Studio 2010\Projects\polymorph\Debug\polymorph.exe not found or not built by the last incremental link; performing full link
         polymorph.vcxproj -> C:\Users\Sanghamithra\Documents\Visual Studio 2010\Projects\polymorph\Debug\polymorph.exe
       Manifest:
         C:\Program Files (x86)\Microsoft SDKs\Windows\v7.0A\bin\mt.exe /nologo /verbose /outputresource:"C:\Users\Sanghamithra\Documents\Visual Studio 2010\Projects\polymorph\Debug\polymorph.exe;#1" /manifest Debug\polymorph.exe.intermediate.manifest
       FinalizeBuildStatus:
         Deleting file "Debug\polymorph.unsuccessfulbuild".
         Touching "Debug\polymorph.lastbuildstate".
     1>Done Building Project "C:\Users\Sanghamithra\Documents\Visual Studio 2010\Projects\polymorph\polymorph\polymorph.vcxproj" (build target(s)).

Build succeeded.

Time Elapsed 00:00:02.22
